{
"/home/lasha/Desktop/bannermaker/server/express.js":{"path":"/home/lasha/Desktop/bannermaker/server/express.js","s":{"1":1,"2":1,"3":1,"4":1,"5":1,"6":1,"7":1,"8":1,"9":1,"10":1,"11":1,"12":1,"13":1,"14":1,"15":1,"16":0,"17":1,"18":0,"19":1,"20":1},"b":{"1":[1,1],"2":[0,1],"3":[0,1]},"f":{"1":1},"fnMap":{"1":{"name":"(anonymous_1)","line":14,"loc":{"start":{"line":14,"column":17},"end":{"line":14,"column":28}}}},"statementMap":{"1":{"start":{"line":4,"column":0},"end":{"line":4,"column":40}},"2":{"start":{"line":5,"column":0},"end":{"line":5,"column":43}},"3":{"start":{"line":6,"column":0},"end":{"line":6,"column":44}},"4":{"start":{"line":7,"column":0},"end":{"line":7,"column":48}},"5":{"start":{"line":8,"column":0},"end":{"line":8,"column":46}},"6":{"start":{"line":9,"column":0},"end":{"line":9,"column":46}},"7":{"start":{"line":10,"column":0},"end":{"line":10,"column":44}},"8":{"start":{"line":11,"column":0},"end":{"line":11,"column":45}},"9":{"start":{"line":12,"column":0},"end":{"line":12,"column":39}},"10":{"start":{"line":14,"column":0},"end":{"line":58,"column":2}},"11":{"start":{"line":16,"column":1},"end":{"line":16,"column":21}},"12":{"start":{"line":18,"column":1},"end":{"line":18,"column":33}},"13":{"start":{"line":21,"column":1},"end":{"line":21,"column":43}},"14":{"start":{"line":24,"column":1},"end":{"line":42,"column":30}},"15":{"start":{"line":45,"column":1},"end":{"line":50,"column":2}},"16":{"start":{"line":47,"column":2},"end":{"line":47,"column":31}},"17":{"start":{"line":48,"column":8},"end":{"line":50,"column":2}},"18":{"start":{"line":49,"column":2},"end":{"line":49,"column":30}},"19":{"start":{"line":54,"column":1},"end":{"line":54,"column":36}},"20":{"start":{"line":57,"column":1},"end":{"line":57,"column":12}}},"branchMap":{"1":{"line":24,"type":"binary-expr","locations":[{"start":{"line":24,"column":19},"end":{"line":24,"column":35}},{"start":{"line":24,"column":39},"end":{"line":24,"column":57}}]},"2":{"line":45,"type":"if","locations":[{"start":{"line":45,"column":1},"end":{"line":45,"column":1}},{"start":{"line":45,"column":1},"end":{"line":45,"column":1}}]},"3":{"line":48,"type":"if","locations":[{"start":{"line":48,"column":8},"end":{"line":48,"column":8}},{"start":{"line":48,"column":8},"end":{"line":48,"column":8}}]}},"l":{"4":1,"5":1,"6":1,"7":1,"8":1,"9":1,"10":1,"11":1,"12":1,"14":1,"16":1,"18":1,"21":1,"24":1,"45":1,"47":0,"48":1,"49":0,"54":1,"57":1}},
"/home/lasha/Desktop/bannermaker/server/models/banner.js":{"path":"/home/lasha/Desktop/bannermaker/server/models/banner.js","s":{"1":1,"2":1,"3":1,"4":1},"b":{},"f":{},"fnMap":{},"statementMap":{"1":{"start":{"line":1,"column":0},"end":{"line":1,"column":35}},"2":{"start":{"line":2,"column":0},"end":{"line":2,"column":31}},"3":{"start":{"line":4,"column":0},"end":{"line":16,"column":3}},"4":{"start":{"line":18,"column":0},"end":{"line":18,"column":40}}},"branchMap":{},"l":{"1":1,"2":1,"4":1,"18":1}},
"/home/lasha/Desktop/bannermaker/server/models/user.js":{"path":"/home/lasha/Desktop/bannermaker/server/models/user.js","s":{"1":1,"2":1,"3":1,"4":1,"5":1,"6":0,"7":0,"8":0,"9":0,"10":1,"11":9,"12":9,"13":9,"14":1,"15":8,"16":8,"17":0,"18":8,"19":8,"20":0,"21":8,"22":8,"23":1},"b":{"1":[0,0],"2":[1,8],"3":[0,8],"4":[0,8]},"f":{"1":0,"2":0,"3":9,"4":8,"5":8},"fnMap":{"1":{"name":"(anonymous_1)","line":29,"loc":{"start":{"line":29,"column":37},"end":{"line":29,"column":75}}},"2":{"name":"(anonymous_2)","line":30,"loc":{"start":{"line":30,"column":57},"end":{"line":30,"column":80}}},"3":{"name":"(anonymous_3)","line":36,"loc":{"start":{"line":36,"column":23},"end":{"line":36,"column":39}}},"4":{"name":"(anonymous_4)","line":45,"loc":{"start":{"line":45,"column":32},"end":{"line":45,"column":52}}},"5":{"name":"(anonymous_5)","line":48,"loc":{"start":{"line":48,"column":53},"end":{"line":48,"column":73}}}},"statementMap":{"1":{"start":{"line":1,"column":0},"end":{"line":1,"column":35}},"2":{"start":{"line":2,"column":0},"end":{"line":2,"column":40}},"3":{"start":{"line":3,"column":0},"end":{"line":3,"column":31}},"4":{"start":{"line":5,"column":0},"end":{"line":27,"column":3}},"5":{"start":{"line":29,"column":0},"end":{"line":34,"column":2}},"6":{"start":{"line":30,"column":2},"end":{"line":33,"column":5}},"7":{"start":{"line":31,"column":4},"end":{"line":31,"column":34}},"8":{"start":{"line":31,"column":13},"end":{"line":31,"column":34}},"9":{"start":{"line":32,"column":4},"end":{"line":32,"column":28}},"10":{"start":{"line":36,"column":0},"end":{"line":54,"column":3}},"11":{"start":{"line":37,"column":4},"end":{"line":37,"column":20}},"12":{"start":{"line":38,"column":4},"end":{"line":38,"column":24}},"13":{"start":{"line":41,"column":4},"end":{"line":43,"column":5}},"14":{"start":{"line":42,"column":8},"end":{"line":42,"column":22}},"15":{"start":{"line":45,"column":4},"end":{"line":53,"column":7}},"16":{"start":{"line":46,"column":8},"end":{"line":46,"column":34}},"17":{"start":{"line":46,"column":17},"end":{"line":46,"column":34}},"18":{"start":{"line":48,"column":8},"end":{"line":52,"column":11}},"19":{"start":{"line":49,"column":12},"end":{"line":49,"column":38}},"20":{"start":{"line":49,"column":21},"end":{"line":49,"column":38}},"21":{"start":{"line":50,"column":12},"end":{"line":50,"column":39}},"22":{"start":{"line":51,"column":12},"end":{"line":51,"column":19}},"23":{"start":{"line":56,"column":0},"end":{"line":56,"column":36}}},"branchMap":{"1":{"line":31,"type":"if","locations":[{"start":{"line":31,"column":4},"end":{"line":31,"column":4}},{"start":{"line":31,"column":4},"end":{"line":31,"column":4}}]},"2":{"line":41,"type":"if","locations":[{"start":{"line":41,"column":4},"end":{"line":41,"column":4}},{"start":{"line":41,"column":4},"end":{"line":41,"column":4}}]},"3":{"line":46,"type":"if","locations":[{"start":{"line":46,"column":8},"end":{"line":46,"column":8}},{"start":{"line":46,"column":8},"end":{"line":46,"column":8}}]},"4":{"line":49,"type":"if","locations":[{"start":{"line":49,"column":12},"end":{"line":49,"column":12}},{"start":{"line":49,"column":12},"end":{"line":49,"column":12}}]}},"l":{"1":1,"2":1,"3":1,"5":1,"29":1,"30":0,"31":0,"32":0,"36":1,"37":9,"38":9,"41":9,"42":1,"45":8,"46":8,"48":8,"49":8,"50":8,"51":8,"56":1}},
"/home/lasha/Desktop/bannermaker/server/routes/account.js":{"path":"/home/lasha/Desktop/bannermaker/server/routes/account.js","s":{"1":1,"2":1,"3":1,"4":1,"5":1,"6":1,"7":1},"b":{},"f":{"1":1},"fnMap":{"1":{"name":"(anonymous_1)","line":1,"loc":{"start":{"line":1,"column":17},"end":{"line":1,"column":31}}}},"statementMap":{"1":{"start":{"line":1,"column":0},"end":{"line":22,"column":2}},"2":{"start":{"line":3,"column":1},"end":{"line":3,"column":49}},"3":{"start":{"line":4,"column":1},"end":{"line":4,"column":50}},"4":{"start":{"line":7,"column":1},"end":{"line":9,"column":55}},"5":{"start":{"line":11,"column":1},"end":{"line":13,"column":56}},"6":{"start":{"line":15,"column":1},"end":{"line":17,"column":56}},"7":{"start":{"line":19,"column":1},"end":{"line":21,"column":55}}},"branchMap":{},"l":{"1":1,"3":1,"4":1,"7":1,"11":1,"15":1,"19":1}},
"/home/lasha/Desktop/bannermaker/server/controllers/account.js":{"path":"/home/lasha/Desktop/bannermaker/server/controllers/account.js","s":{"1":1,"2":1,"3":1,"4":1,"5":1,"6":1,"7":1,"8":1,"9":1,"10":1,"11":1,"12":1,"13":1,"14":0,"15":1,"16":0,"17":0,"18":0,"19":0,"20":0,"21":0,"22":0,"23":0,"24":0,"25":1,"26":0,"27":1,"28":4,"29":1,"30":3,"31":1,"32":2,"33":2,"34":2,"35":1,"36":1,"37":1,"38":1,"39":1,"40":0,"41":1,"42":2,"43":2,"44":2,"45":2,"46":2,"47":2,"48":2,"49":2,"50":2,"51":1,"52":1,"53":1,"54":1,"55":1,"56":0,"57":0,"58":1,"59":2,"60":1,"61":1,"62":1,"63":1,"64":0,"65":0,"66":1,"67":2,"68":2,"69":1,"70":1,"71":0,"72":0,"73":0,"74":0,"75":1,"76":2,"77":2,"78":2,"79":2,"80":1,"81":1,"82":1,"83":1,"84":1,"85":1,"86":0,"87":1,"88":2,"89":1,"90":1,"91":1,"92":1,"93":0,"94":0,"95":1,"96":1,"97":0,"98":0},"b":{"1":[0,0],"2":[0,0],"3":[0,0],"4":[1,3],"5":[1,2],"6":[1,1],"7":[1,1],"8":[0,1],"9":[0,1],"10":[0,0],"11":[1,1],"12":[0,1],"13":[0,1]},"f":{"1":0,"2":0,"3":0,"4":0,"5":0,"6":4,"7":2,"8":1,"9":1,"10":0,"11":2,"12":2,"13":2,"14":2,"15":2,"16":2,"17":2,"18":1,"19":1,"20":1,"21":2,"22":1,"23":0,"24":0,"25":2,"26":2,"27":2,"28":2,"29":1,"30":1,"31":1,"32":0,"33":0},"fnMap":{"1":{"name":"(anonymous_1)","line":15,"loc":{"start":{"line":15,"column":19},"end":{"line":15,"column":38}}},"2":{"name":"(anonymous_2)","line":21,"loc":{"start":{"line":21,"column":20},"end":{"line":21,"column":46}}},"3":{"name":"(anonymous_3)","line":22,"loc":{"start":{"line":22,"column":35},"end":{"line":22,"column":61}}},"4":{"name":"(anonymous_4)","line":31,"loc":{"start":{"line":31,"column":24},"end":{"line":31,"column":38}}},"5":{"name":"(anonymous_5)","line":39,"loc":{"start":{"line":39,"column":20},"end":{"line":39,"column":39}}},"6":{"name":"(anonymous_6)","line":45,"loc":{"start":{"line":45,"column":21},"end":{"line":45,"column":46}}},"7":{"name":"(anonymous_7)","line":60,"loc":{"start":{"line":60,"column":10},"end":{"line":60,"column":25}}},"8":{"name":"(anonymous_8)","line":65,"loc":{"start":{"line":65,"column":12},"end":{"line":65,"column":23}}},"9":{"name":"(anonymous_9)","line":67,"loc":{"start":{"line":67,"column":13},"end":{"line":67,"column":27}}},"10":{"name":"(anonymous_10)","line":72,"loc":{"start":{"line":72,"column":20},"end":{"line":72,"column":39}}},"11":{"name":"(anonymous_11)","line":78,"loc":{"start":{"line":78,"column":21},"end":{"line":78,"column":40}}},"12":{"name":"(anonymous_12)","line":80,"loc":{"start":{"line":80,"column":19},"end":{"line":80,"column":31}}},"13":{"name":"(anonymous_13)","line":81,"loc":{"start":{"line":81,"column":27},"end":{"line":81,"column":54}}},"14":{"name":"(anonymous_14)","line":82,"loc":{"start":{"line":82,"column":35},"end":{"line":82,"column":54}}},"15":{"name":"(anonymous_15)","line":89,"loc":{"start":{"line":89,"column":18},"end":{"line":89,"column":35}}},"16":{"name":"(anonymous_16)","line":90,"loc":{"start":{"line":90,"column":27},"end":{"line":90,"column":54}}},"17":{"name":"(anonymous_17)","line":91,"loc":{"start":{"line":91,"column":60},"end":{"line":91,"column":81}}},"18":{"name":"(anonymous_18)","line":98,"loc":{"start":{"line":98,"column":26},"end":{"line":98,"column":40}}},"19":{"name":"(anonymous_19)","line":109,"loc":{"start":{"line":109,"column":19},"end":{"line":109,"column":35}}},"20":{"name":"(anonymous_20)","line":126,"loc":{"start":{"line":126,"column":44},"end":{"line":126,"column":58}}},"21":{"name":"(anonymous_21)","line":137,"loc":{"start":{"line":137,"column":14},"end":{"line":137,"column":31}}},"22":{"name":"(anonymous_22)","line":140,"loc":{"start":{"line":140,"column":14},"end":{"line":140,"column":30}}},"23":{"name":"(anonymous_23)","line":145,"loc":{"start":{"line":145,"column":19},"end":{"line":145,"column":38}}},"24":{"name":"(anonymous_24)","line":146,"loc":{"start":{"line":146,"column":118},"end":{"line":146,"column":138}}},"25":{"name":"(anonymous_25)","line":158,"loc":{"start":{"line":158,"column":20},"end":{"line":158,"column":40}}},"26":{"name":"(anonymous_26)","line":159,"loc":{"start":{"line":159,"column":18},"end":{"line":159,"column":30}}},"27":{"name":"(anonymous_27)","line":160,"loc":{"start":{"line":160,"column":27},"end":{"line":160,"column":54}}},"28":{"name":"(anonymous_28)","line":161,"loc":{"start":{"line":161,"column":127},"end":{"line":161,"column":147}}},"29":{"name":"(anonymous_29)","line":170,"loc":{"start":{"line":170,"column":26},"end":{"line":170,"column":40}}},"30":{"name":"(anonymous_30)","line":180,"loc":{"start":{"line":180,"column":19},"end":{"line":180,"column":35}}},"31":{"name":"(anonymous_31)","line":195,"loc":{"start":{"line":195,"column":44},"end":{"line":195,"column":58}}},"32":{"name":"(anonymous_32)","line":205,"loc":{"start":{"line":205,"column":17},"end":{"line":205,"column":37}}},"33":{"name":"(anonymous_33)","line":206,"loc":{"start":{"line":206,"column":24},"end":{"line":206,"column":39}}}},"statementMap":{"1":{"start":{"line":1,"column":0},"end":{"line":1,"column":39}},"2":{"start":{"line":2,"column":0},"end":{"line":2,"column":39}},"3":{"start":{"line":3,"column":0},"end":{"line":3,"column":39}},"4":{"start":{"line":4,"column":0},"end":{"line":4,"column":40}},"5":{"start":{"line":5,"column":0},"end":{"line":5,"column":37}},"6":{"start":{"line":6,"column":0},"end":{"line":6,"column":41}},"7":{"start":{"line":7,"column":0},"end":{"line":7,"column":65}},"8":{"start":{"line":8,"column":0},"end":{"line":8,"column":38}},"9":{"start":{"line":9,"column":0},"end":{"line":9,"column":48}},"10":{"start":{"line":10,"column":0},"end":{"line":10,"column":47}},"11":{"start":{"line":11,"column":0},"end":{"line":11,"column":35}},"12":{"start":{"line":13,"column":0},"end":{"line":13,"column":34}},"13":{"start":{"line":15,"column":0},"end":{"line":19,"column":2}},"14":{"start":{"line":16,"column":4},"end":{"line":18,"column":7}},"15":{"start":{"line":21,"column":0},"end":{"line":37,"column":1}},"16":{"start":{"line":22,"column":4},"end":{"line":36,"column":23}},"17":{"start":{"line":23,"column":8},"end":{"line":25,"column":9}},"18":{"start":{"line":24,"column":12},"end":{"line":24,"column":29}},"19":{"start":{"line":27,"column":8},"end":{"line":29,"column":9}},"20":{"start":{"line":28,"column":12},"end":{"line":28,"column":46}},"21":{"start":{"line":31,"column":8},"end":{"line":35,"column":11}},"22":{"start":{"line":32,"column":12},"end":{"line":32,"column":38}},"23":{"start":{"line":32,"column":21},"end":{"line":32,"column":38}},"24":{"start":{"line":34,"column":12},"end":{"line":34,"column":59}},"25":{"start":{"line":39,"column":0},"end":{"line":43,"column":2}},"26":{"start":{"line":40,"column":4},"end":{"line":42,"column":7}},"27":{"start":{"line":45,"column":0},"end":{"line":70,"column":2}},"28":{"start":{"line":47,"column":4},"end":{"line":51,"column":5}},"29":{"start":{"line":48,"column":8},"end":{"line":48,"column":77}},"30":{"start":{"line":49,"column":11},"end":{"line":51,"column":5}},"31":{"start":{"line":50,"column":8},"end":{"line":50,"column":92}},"32":{"start":{"line":54,"column":4},"end":{"line":57,"column":7}},"33":{"start":{"line":59,"column":4},"end":{"line":69,"column":7}},"34":{"start":{"line":61,"column":8},"end":{"line":63,"column":9}},"35":{"start":{"line":62,"column":12},"end":{"line":62,"column":125}},"36":{"start":{"line":64,"column":8},"end":{"line":64,"column":27}},"37":{"start":{"line":66,"column":8},"end":{"line":66,"column":77}},"38":{"start":{"line":68,"column":8},"end":{"line":68,"column":61}},"39":{"start":{"line":72,"column":0},"end":{"line":76,"column":2}},"40":{"start":{"line":73,"column":4},"end":{"line":75,"column":7}},"41":{"start":{"line":78,"column":0},"end":{"line":143,"column":2}},"42":{"start":{"line":80,"column":4},"end":{"line":87,"column":6}},"43":{"start":{"line":81,"column":8},"end":{"line":86,"column":11}},"44":{"start":{"line":82,"column":12},"end":{"line":85,"column":15}},"45":{"start":{"line":83,"column":16},"end":{"line":83,"column":48}},"46":{"start":{"line":84,"column":16},"end":{"line":84,"column":38}},"47":{"start":{"line":89,"column":4},"end":{"line":107,"column":6}},"48":{"start":{"line":90,"column":8},"end":{"line":106,"column":11}},"49":{"start":{"line":91,"column":12},"end":{"line":105,"column":15}},"50":{"start":{"line":92,"column":16},"end":{"line":94,"column":17}},"51":{"start":{"line":93,"column":20},"end":{"line":93,"column":99}},"52":{"start":{"line":95,"column":16},"end":{"line":95,"column":54}},"53":{"start":{"line":96,"column":16},"end":{"line":96,"column":71}},"54":{"start":{"line":98,"column":16},"end":{"line":104,"column":19}},"55":{"start":{"line":99,"column":20},"end":{"line":102,"column":21}},"56":{"start":{"line":100,"column":24},"end":{"line":100,"column":41}},"57":{"start":{"line":101,"column":24},"end":{"line":101,"column":43}},"58":{"start":{"line":103,"column":20},"end":{"line":103,"column":42}},"59":{"start":{"line":109,"column":4},"end":{"line":134,"column":5}},"60":{"start":{"line":110,"column":8},"end":{"line":116,"column":11}},"61":{"start":{"line":117,"column":8},"end":{"line":125,"column":10}},"62":{"start":{"line":126,"column":8},"end":{"line":133,"column":11}},"63":{"start":{"line":127,"column":12},"end":{"line":130,"column":13}},"64":{"start":{"line":128,"column":16},"end":{"line":128,"column":32}},"65":{"start":{"line":129,"column":16},"end":{"line":129,"column":98}},"66":{"start":{"line":131,"column":12},"end":{"line":131,"column":135}},"67":{"start":{"line":136,"column":4},"end":{"line":142,"column":11}},"68":{"start":{"line":138,"column":12},"end":{"line":138,"column":34}},"69":{"start":{"line":141,"column":12},"end":{"line":141,"column":27}},"70":{"start":{"line":145,"column":0},"end":{"line":156,"column":2}},"71":{"start":{"line":146,"column":4},"end":{"line":155,"column":7}},"72":{"start":{"line":147,"column":8},"end":{"line":151,"column":9}},"73":{"start":{"line":148,"column":12},"end":{"line":150,"column":23}},"74":{"start":{"line":152,"column":8},"end":{"line":154,"column":19}},"75":{"start":{"line":158,"column":0},"end":{"line":203,"column":1}},"76":{"start":{"line":159,"column":4},"end":{"line":178,"column":6}},"77":{"start":{"line":160,"column":8},"end":{"line":177,"column":11}},"78":{"start":{"line":161,"column":12},"end":{"line":176,"column":15}},"79":{"start":{"line":162,"column":16},"end":{"line":164,"column":17}},"80":{"start":{"line":163,"column":20},"end":{"line":163,"column":112}},"81":{"start":{"line":166,"column":16},"end":{"line":166,"column":56}},"82":{"start":{"line":167,"column":16},"end":{"line":167,"column":58}},"83":{"start":{"line":168,"column":16},"end":{"line":168,"column":60}},"84":{"start":{"line":170,"column":16},"end":{"line":175,"column":19}},"85":{"start":{"line":171,"column":20},"end":{"line":173,"column":21}},"86":{"start":{"line":172,"column":24},"end":{"line":172,"column":41}},"87":{"start":{"line":174,"column":20},"end":{"line":174,"column":42}},"88":{"start":{"line":180,"column":4},"end":{"line":202,"column":7}},"89":{"start":{"line":181,"column":8},"end":{"line":187,"column":11}},"90":{"start":{"line":188,"column":8},"end":{"line":194,"column":10}},"91":{"start":{"line":195,"column":8},"end":{"line":201,"column":11}},"92":{"start":{"line":196,"column":12},"end":{"line":199,"column":13}},"93":{"start":{"line":197,"column":16},"end":{"line":197,"column":32}},"94":{"start":{"line":198,"column":16},"end":{"line":198,"column":98}},"95":{"start":{"line":200,"column":12},"end":{"line":200,"column":93}},"96":{"start":{"line":205,"column":0},"end":{"line":209,"column":1}},"97":{"start":{"line":206,"column":4},"end":{"line":208,"column":7}},"98":{"start":{"line":207,"column":8},"end":{"line":207,"column":32}}},"branchMap":{"1":{"line":23,"type":"if","locations":[{"start":{"line":23,"column":8},"end":{"line":23,"column":8}},{"start":{"line":23,"column":8},"end":{"line":23,"column":8}}]},"2":{"line":27,"type":"if","locations":[{"start":{"line":27,"column":8},"end":{"line":27,"column":8}},{"start":{"line":27,"column":8},"end":{"line":27,"column":8}}]},"3":{"line":32,"type":"if","locations":[{"start":{"line":32,"column":12},"end":{"line":32,"column":12}},{"start":{"line":32,"column":12},"end":{"line":32,"column":12}}]},"4":{"line":47,"type":"if","locations":[{"start":{"line":47,"column":4},"end":{"line":47,"column":4}},{"start":{"line":47,"column":4},"end":{"line":47,"column":4}}]},"5":{"line":49,"type":"if","locations":[{"start":{"line":49,"column":11},"end":{"line":49,"column":11}},{"start":{"line":49,"column":11},"end":{"line":49,"column":11}}]},"6":{"line":61,"type":"if","locations":[{"start":{"line":61,"column":8},"end":{"line":61,"column":8}},{"start":{"line":61,"column":8},"end":{"line":61,"column":8}}]},"7":{"line":92,"type":"if","locations":[{"start":{"line":92,"column":16},"end":{"line":92,"column":16}},{"start":{"line":92,"column":16},"end":{"line":92,"column":16}}]},"8":{"line":99,"type":"if","locations":[{"start":{"line":99,"column":20},"end":{"line":99,"column":20}},{"start":{"line":99,"column":20},"end":{"line":99,"column":20}}]},"9":{"line":127,"type":"if","locations":[{"start":{"line":127,"column":12},"end":{"line":127,"column":12}},{"start":{"line":127,"column":12},"end":{"line":127,"column":12}}]},"10":{"line":147,"type":"if","locations":[{"start":{"line":147,"column":8},"end":{"line":147,"column":8}},{"start":{"line":147,"column":8},"end":{"line":147,"column":8}}]},"11":{"line":162,"type":"if","locations":[{"start":{"line":162,"column":16},"end":{"line":162,"column":16}},{"start":{"line":162,"column":16},"end":{"line":162,"column":16}}]},"12":{"line":171,"type":"if","locations":[{"start":{"line":171,"column":20},"end":{"line":171,"column":20}},{"start":{"line":171,"column":20},"end":{"line":171,"column":20}}]},"13":{"line":196,"type":"if","locations":[{"start":{"line":196,"column":12},"end":{"line":196,"column":12}},{"start":{"line":196,"column":12},"end":{"line":196,"column":12}}]}},"l":{"1":1,"2":1,"3":1,"4":1,"5":1,"6":1,"7":1,"8":1,"9":1,"10":1,"11":1,"13":1,"15":1,"16":0,"21":1,"22":0,"23":0,"24":0,"27":0,"28":0,"31":0,"32":0,"34":0,"39":1,"40":0,"45":1,"47":4,"48":1,"49":3,"50":1,"54":2,"59":2,"61":2,"62":1,"64":1,"66":1,"68":1,"72":1,"73":0,"78":1,"80":2,"81":2,"82":2,"83":2,"84":2,"89":2,"90":2,"91":2,"92":2,"93":1,"95":1,"96":1,"98":1,"99":1,"100":0,"101":0,"103":1,"109":2,"110":1,"117":1,"126":1,"127":1,"128":0,"129":0,"131":1,"136":2,"138":2,"141":1,"145":1,"146":0,"147":0,"148":0,"152":0,"158":1,"159":2,"160":2,"161":2,"162":2,"163":1,"166":1,"167":1,"168":1,"170":1,"171":1,"172":0,"174":1,"180":2,"181":1,"188":1,"195":1,"196":1,"197":0,"198":0,"200":1,"205":1,"206":0,"207":0}},
"/home/lasha/Desktop/bannermaker/server/util/errorUtil.js":{"path":"/home/lasha/Desktop/bannermaker/server/util/errorUtil.js","s":{"1":1,"2":1,"3":1,"4":1,"5":1,"6":1,"7":1,"8":1,"9":3,"10":4,"11":1,"12":4,"13":4,"14":1,"15":1,"16":0,"17":0,"18":0,"19":0,"20":0,"21":0,"22":0,"23":1,"24":1,"25":2,"26":2,"27":2,"28":0,"29":0,"30":0,"31":0,"32":0,"33":0,"34":0,"35":0,"36":1,"37":1,"38":1,"39":1,"40":2,"41":2,"42":2,"43":2,"44":1,"45":1,"46":1,"47":1},"b":{"1":[1,1],"2":[0,0]},"f":{"1":3,"2":4,"3":1,"4":4,"5":4,"6":1,"7":1,"8":0,"9":0,"10":0,"11":1,"12":1,"13":2,"14":2,"15":2,"16":0,"17":0,"18":0,"19":0,"20":1,"21":1,"22":2,"23":2,"24":1,"25":1},"fnMap":{"1":{"name":"(anonymous_1)","line":13,"loc":{"start":{"line":13,"column":28},"end":{"line":13,"column":42}}},"2":{"name":"(anonymous_2)","line":16,"loc":{"start":{"line":16,"column":27},"end":{"line":16,"column":41}}},"3":{"name":"(anonymous_3)","line":19,"loc":{"start":{"line":19,"column":29},"end":{"line":19,"column":43}}},"4":{"name":"(anonymous_4)","line":23,"loc":{"start":{"line":23,"column":25},"end":{"line":23,"column":39}}},"5":{"name":"(anonymous_5)","line":26,"loc":{"start":{"line":26,"column":25},"end":{"line":26,"column":39}}},"6":{"name":"(anonymous_6)","line":29,"loc":{"start":{"line":29,"column":33},"end":{"line":29,"column":47}}},"7":{"name":"(anonymous_7)","line":32,"loc":{"start":{"line":32,"column":28},"end":{"line":32,"column":42}}},"8":{"name":"(anonymous_8)","line":35,"loc":{"start":{"line":35,"column":26},"end":{"line":35,"column":46}}},"9":{"name":"(anonymous_9)","line":38,"loc":{"start":{"line":38,"column":26},"end":{"line":38,"column":46}}},"10":{"name":"(anonymous_10)","line":41,"loc":{"start":{"line":41,"column":34},"end":{"line":41,"column":66}}},"11":{"name":"(anonymous_11)","line":50,"loc":{"start":{"line":50,"column":28},"end":{"line":50,"column":48}}},"12":{"name":"(anonymous_12)","line":53,"loc":{"start":{"line":53,"column":29},"end":{"line":53,"column":49}}},"13":{"name":"(anonymous_13)","line":56,"loc":{"start":{"line":56,"column":27},"end":{"line":56,"column":47}}},"14":{"name":"(anonymous_14)","line":60,"loc":{"start":{"line":60,"column":13},"end":{"line":60,"column":28}}},"15":{"name":"(anonymous_15)","line":61,"loc":{"start":{"line":61,"column":27},"end":{"line":61,"column":45}}},"16":{"name":"(anonymous_16)","line":65,"loc":{"start":{"line":65,"column":33},"end":{"line":65,"column":53}}},"17":{"name":"(anonymous_17)","line":67,"loc":{"start":{"line":67,"column":27},"end":{"line":67,"column":53}}},"18":{"name":"(anonymous_18)","line":72,"loc":{"start":{"line":72,"column":41},"end":{"line":72,"column":73}}},"19":{"name":"(anonymous_19)","line":74,"loc":{"start":{"line":74,"column":27},"end":{"line":74,"column":53}}},"20":{"name":"(anonymous_20)","line":79,"loc":{"start":{"line":79,"column":35},"end":{"line":79,"column":55}}},"21":{"name":"(anonymous_21)","line":81,"loc":{"start":{"line":81,"column":27},"end":{"line":81,"column":53}}},"22":{"name":"(anonymous_22)","line":86,"loc":{"start":{"line":86,"column":34},"end":{"line":86,"column":54}}},"23":{"name":"(anonymous_23)","line":88,"loc":{"start":{"line":88,"column":27},"end":{"line":88,"column":53}}},"24":{"name":"(anonymous_24)","line":93,"loc":{"start":{"line":93,"column":36},"end":{"line":93,"column":56}}},"25":{"name":"(anonymous_25)","line":95,"loc":{"start":{"line":95,"column":27},"end":{"line":95,"column":53}}}},"statementMap":{"1":{"start":{"line":3,"column":0},"end":{"line":3,"column":52}},"2":{"start":{"line":4,"column":0},"end":{"line":4,"column":73}},"3":{"start":{"line":5,"column":0},"end":{"line":5,"column":74}},"4":{"start":{"line":6,"column":0},"end":{"line":6,"column":71}},"5":{"start":{"line":7,"column":0},"end":{"line":7,"column":79}},"6":{"start":{"line":8,"column":0},"end":{"line":8,"column":71}},"7":{"start":{"line":9,"column":0},"end":{"line":9,"column":74}},"8":{"start":{"line":12,"column":0},"end":{"line":100,"column":2}},"9":{"start":{"line":14,"column":8},"end":{"line":14,"column":50}},"10":{"start":{"line":17,"column":8},"end":{"line":17,"column":50}},"11":{"start":{"line":20,"column":8},"end":{"line":21,"column":65}},"12":{"start":{"line":24,"column":8},"end":{"line":24,"column":48}},"13":{"start":{"line":27,"column":8},"end":{"line":27,"column":48}},"14":{"start":{"line":30,"column":8},"end":{"line":30,"column":56}},"15":{"start":{"line":33,"column":8},"end":{"line":33,"column":51}},"16":{"start":{"line":36,"column":8},"end":{"line":36,"column":48}},"17":{"start":{"line":39,"column":8},"end":{"line":39,"column":48}},"18":{"start":{"line":42,"column":8},"end":{"line":42,"column":16}},"19":{"start":{"line":43,"column":8},"end":{"line":47,"column":9}},"20":{"start":{"line":44,"column":12},"end":{"line":44,"column":28}},"21":{"start":{"line":46,"column":12},"end":{"line":46,"column":75}},"22":{"start":{"line":48,"column":8},"end":{"line":48,"column":50}},"23":{"start":{"line":51,"column":8},"end":{"line":51,"column":50}},"24":{"start":{"line":54,"column":8},"end":{"line":54,"column":51}},"25":{"start":{"line":57,"column":8},"end":{"line":57,"column":50}},"26":{"start":{"line":61,"column":8},"end":{"line":63,"column":11}},"27":{"start":{"line":62,"column":12},"end":{"line":62,"column":26}},"28":{"start":{"line":66,"column":8},"end":{"line":66,"column":24}},"29":{"start":{"line":67,"column":8},"end":{"line":70,"column":11}},"30":{"start":{"line":68,"column":12},"end":{"line":68,"column":59}},"31":{"start":{"line":69,"column":12},"end":{"line":69,"column":24}},"32":{"start":{"line":73,"column":8},"end":{"line":73,"column":24}},"33":{"start":{"line":74,"column":8},"end":{"line":77,"column":11}},"34":{"start":{"line":75,"column":12},"end":{"line":75,"column":79}},"35":{"start":{"line":76,"column":12},"end":{"line":76,"column":24}},"36":{"start":{"line":80,"column":8},"end":{"line":80,"column":24}},"37":{"start":{"line":81,"column":8},"end":{"line":84,"column":11}},"38":{"start":{"line":82,"column":12},"end":{"line":82,"column":61}},"39":{"start":{"line":83,"column":12},"end":{"line":83,"column":24}},"40":{"start":{"line":87,"column":8},"end":{"line":87,"column":24}},"41":{"start":{"line":88,"column":8},"end":{"line":91,"column":11}},"42":{"start":{"line":89,"column":12},"end":{"line":89,"column":60}},"43":{"start":{"line":90,"column":12},"end":{"line":90,"column":24}},"44":{"start":{"line":94,"column":8},"end":{"line":94,"column":24}},"45":{"start":{"line":95,"column":8},"end":{"line":98,"column":11}},"46":{"start":{"line":96,"column":12},"end":{"line":96,"column":62}},"47":{"start":{"line":97,"column":12},"end":{"line":97,"column":24}}},"branchMap":{"1":{"line":20,"type":"binary-expr","locations":[{"start":{"line":20,"column":17},"end":{"line":20,"column":47}},{"start":{"line":21,"column":17},"end":{"line":21,"column":62}}]},"2":{"line":43,"type":"if","locations":[{"start":{"line":43,"column":8},"end":{"line":43,"column":8}},{"start":{"line":43,"column":8},"end":{"line":43,"column":8}}]}},"l":{"3":1,"4":1,"5":1,"6":1,"7":1,"8":1,"9":1,"12":1,"14":3,"17":4,"20":1,"24":4,"27":4,"30":1,"33":1,"36":0,"39":0,"42":0,"43":0,"44":0,"46":0,"48":0,"51":1,"54":1,"57":2,"61":2,"62":2,"66":0,"67":0,"68":0,"69":0,"73":0,"74":0,"75":0,"76":0,"80":1,"81":1,"82":1,"83":1,"87":2,"88":2,"89":2,"90":2,"94":1,"95":1,"96":1,"97":1}},
"/home/lasha/Desktop/bannermaker/server/errors/objectNotfoundError.js":{"path":"/home/lasha/Desktop/bannermaker/server/errors/objectNotfoundError.js","s":{"1":1,"2":1,"3":1,"4":1,"5":1},"b":{},"f":{"1":1},"fnMap":{"1":{"name":"ObjectNotFoundError","line":1,"loc":{"start":{"line":1,"column":0},"end":{"line":1,"column":40}}}},"statementMap":{"1":{"start":{"line":1,"column":0},"end":{"line":4,"column":1}},"2":{"start":{"line":2,"column":2},"end":{"line":2,"column":42}},"3":{"start":{"line":3,"column":2},"end":{"line":3,"column":36}},"4":{"start":{"line":6,"column":0},"end":{"line":6,"column":44}},"5":{"start":{"line":8,"column":0},"end":{"line":8,"column":37}}},"branchMap":{},"l":{"1":1,"2":1,"3":1,"6":1,"8":1}},
"/home/lasha/Desktop/bannermaker/server/errors/invalidObjectidError.js":{"path":"/home/lasha/Desktop/bannermaker/server/errors/invalidObjectidError.js","s":{"1":1,"2":2,"3":2,"4":1,"5":1},"b":{},"f":{"1":2},"fnMap":{"1":{"name":"InvalidOjectIdError","line":1,"loc":{"start":{"line":1,"column":0},"end":{"line":1,"column":33}}}},"statementMap":{"1":{"start":{"line":1,"column":0},"end":{"line":4,"column":1}},"2":{"start":{"line":2,"column":2},"end":{"line":2,"column":20}},"3":{"start":{"line":3,"column":2},"end":{"line":3,"column":36}},"4":{"start":{"line":6,"column":0},"end":{"line":6,"column":44}},"5":{"start":{"line":8,"column":0},"end":{"line":8,"column":37}}},"branchMap":{},"l":{"1":1,"2":2,"3":2,"6":1,"8":1}},
"/home/lasha/Desktop/bannermaker/server/errors/accessDeniedError.js":{"path":"/home/lasha/Desktop/bannermaker/server/errors/accessDeniedError.js","s":{"1":1,"2":0,"3":0,"4":0,"5":1,"6":1},"b":{},"f":{"1":0},"fnMap":{"1":{"name":"AccessDeniedError","line":1,"loc":{"start":{"line":1,"column":0},"end":{"line":1,"column":38}}}},"statementMap":{"1":{"start":{"line":1,"column":0},"end":{"line":5,"column":1}},"2":{"start":{"line":2,"column":2},"end":{"line":2,"column":21}},"3":{"start":{"line":3,"column":2},"end":{"line":3,"column":34}},"4":{"start":{"line":4,"column":2},"end":{"line":4,"column":19}},"5":{"start":{"line":7,"column":0},"end":{"line":7,"column":42}},"6":{"start":{"line":9,"column":0},"end":{"line":9,"column":35}}},"branchMap":{},"l":{"1":1,"2":0,"3":0,"4":0,"7":1,"9":1}},
"/home/lasha/Desktop/bannermaker/server/errors/unprocessableRequestError.js":{"path":"/home/lasha/Desktop/bannermaker/server/errors/unprocessableRequestError.js","s":{"1":1,"2":0,"3":0,"4":1,"5":1},"b":{},"f":{"1":0},"fnMap":{"1":{"name":"UnprocessableRequestError","line":1,"loc":{"start":{"line":1,"column":0},"end":{"line":1,"column":40}}}},"statementMap":{"1":{"start":{"line":1,"column":0},"end":{"line":4,"column":1}},"2":{"start":{"line":2,"column":2},"end":{"line":2,"column":21}},"3":{"start":{"line":3,"column":2},"end":{"line":3,"column":42}},"4":{"start":{"line":6,"column":0},"end":{"line":6,"column":50}},"5":{"start":{"line":8,"column":0},"end":{"line":8,"column":43}}},"branchMap":{},"l":{"1":1,"2":0,"3":0,"6":1,"8":1}},
"/home/lasha/Desktop/bannermaker/server/errors/unauthorizedError.js":{"path":"/home/lasha/Desktop/bannermaker/server/errors/unauthorizedError.js","s":{"1":1,"2":0,"3":0,"4":0,"5":1,"6":1},"b":{},"f":{"1":0},"fnMap":{"1":{"name":"UnauthorizedError","line":1,"loc":{"start":{"line":1,"column":0},"end":{"line":1,"column":38}}}},"statementMap":{"1":{"start":{"line":1,"column":0},"end":{"line":5,"column":1}},"2":{"start":{"line":2,"column":2},"end":{"line":2,"column":21}},"3":{"start":{"line":3,"column":2},"end":{"line":3,"column":34}},"4":{"start":{"line":4,"column":2},"end":{"line":4,"column":19}},"5":{"start":{"line":7,"column":0},"end":{"line":7,"column":42}},"6":{"start":{"line":9,"column":0},"end":{"line":9,"column":35}}},"branchMap":{},"l":{"1":1,"2":0,"3":0,"4":0,"7":1,"9":1}},
"/home/lasha/Desktop/bannermaker/server/errors/duplicateObjectError.js":{"path":"/home/lasha/Desktop/bannermaker/server/errors/duplicateObjectError.js","s":{"1":1,"2":1,"3":1,"4":1,"5":1,"6":1},"b":{},"f":{"1":1},"fnMap":{"1":{"name":"DuplicateObjectError","line":1,"loc":{"start":{"line":1,"column":0},"end":{"line":1,"column":41}}}},"statementMap":{"1":{"start":{"line":1,"column":0},"end":{"line":5,"column":1}},"2":{"start":{"line":2,"column":2},"end":{"line":2,"column":21}},"3":{"start":{"line":3,"column":2},"end":{"line":3,"column":19}},"4":{"start":{"line":4,"column":2},"end":{"line":4,"column":37}},"5":{"start":{"line":7,"column":0},"end":{"line":7,"column":45}},"6":{"start":{"line":9,"column":0},"end":{"line":9,"column":38}}},"branchMap":{},"l":{"1":1,"2":1,"3":1,"4":1,"7":1,"9":1}},
"/home/lasha/Desktop/bannermaker/server/util/httpUtil.js":{"path":"/home/lasha/Desktop/bannermaker/server/util/httpUtil.js","s":{"1":1,"2":1,"3":4,"4":0,"5":4,"6":4,"7":0,"8":4,"9":0,"10":4,"11":1,"12":3,"13":2,"14":1,"15":0,"16":1,"17":0,"18":1,"19":1,"20":4,"21":4,"22":4,"23":4,"24":0,"25":0,"26":0},"b":{"1":[0,4],"2":[0,4],"3":[0,4],"4":[1,3],"5":[2,1],"6":[0,1],"7":[0,1],"8":[1,0],"9":[4,0],"10":[4,0,0]},"f":{"1":4},"fnMap":{"1":{"name":"(anonymous_1)","line":6,"loc":{"start":{"line":6,"column":18},"end":{"line":6,"column":53}}}},"statementMap":{"1":{"start":{"line":1,"column":0},"end":{"line":1,"column":39}},"2":{"start":{"line":4,"column":0},"end":{"line":42,"column":2}},"3":{"start":{"line":7,"column":8},"end":{"line":9,"column":9}},"4":{"start":{"line":8,"column":12},"end":{"line":8,"column":114}},"5":{"start":{"line":11,"column":8},"end":{"line":11,"column":22}},"6":{"start":{"line":12,"column":8},"end":{"line":26,"column":9}},"7":{"start":{"line":13,"column":12},"end":{"line":13,"column":28}},"8":{"start":{"line":14,"column":15},"end":{"line":26,"column":9}},"9":{"start":{"line":15,"column":12},"end":{"line":15,"column":28}},"10":{"start":{"line":16,"column":15},"end":{"line":26,"column":9}},"11":{"start":{"line":17,"column":12},"end":{"line":17,"column":28}},"12":{"start":{"line":18,"column":15},"end":{"line":26,"column":9}},"13":{"start":{"line":19,"column":12},"end":{"line":19,"column":28}},"14":{"start":{"line":20,"column":15},"end":{"line":26,"column":9}},"15":{"start":{"line":21,"column":12},"end":{"line":21,"column":28}},"16":{"start":{"line":22,"column":15},"end":{"line":26,"column":9}},"17":{"start":{"line":23,"column":12},"end":{"line":23,"column":28}},"18":{"start":{"line":24,"column":15},"end":{"line":26,"column":9}},"19":{"start":{"line":25,"column":12},"end":{"line":25,"column":28}},"20":{"start":{"line":28,"column":8},"end":{"line":38,"column":9}},"21":{"start":{"line":29,"column":12},"end":{"line":29,"column":40}},"22":{"start":{"line":30,"column":12},"end":{"line":37,"column":13}},"23":{"start":{"line":32,"column":20},"end":{"line":32,"column":77}},"24":{"start":{"line":34,"column":20},"end":{"line":34,"column":49}},"25":{"start":{"line":36,"column":20},"end":{"line":36,"column":77}},"26":{"start":{"line":40,"column":8},"end":{"line":40,"column":18}}},"branchMap":{"1":{"line":7,"type":"if","locations":[{"start":{"line":7,"column":8},"end":{"line":7,"column":8}},{"start":{"line":7,"column":8},"end":{"line":7,"column":8}}]},"2":{"line":12,"type":"if","locations":[{"start":{"line":12,"column":8},"end":{"line":12,"column":8}},{"start":{"line":12,"column":8},"end":{"line":12,"column":8}}]},"3":{"line":14,"type":"if","locations":[{"start":{"line":14,"column":15},"end":{"line":14,"column":15}},{"start":{"line":14,"column":15},"end":{"line":14,"column":15}}]},"4":{"line":16,"type":"if","locations":[{"start":{"line":16,"column":15},"end":{"line":16,"column":15}},{"start":{"line":16,"column":15},"end":{"line":16,"column":15}}]},"5":{"line":18,"type":"if","locations":[{"start":{"line":18,"column":15},"end":{"line":18,"column":15}},{"start":{"line":18,"column":15},"end":{"line":18,"column":15}}]},"6":{"line":20,"type":"if","locations":[{"start":{"line":20,"column":15},"end":{"line":20,"column":15}},{"start":{"line":20,"column":15},"end":{"line":20,"column":15}}]},"7":{"line":22,"type":"if","locations":[{"start":{"line":22,"column":15},"end":{"line":22,"column":15}},{"start":{"line":22,"column":15},"end":{"line":22,"column":15}}]},"8":{"line":24,"type":"if","locations":[{"start":{"line":24,"column":15},"end":{"line":24,"column":15}},{"start":{"line":24,"column":15},"end":{"line":24,"column":15}}]},"9":{"line":28,"type":"if","locations":[{"start":{"line":28,"column":8},"end":{"line":28,"column":8}},{"start":{"line":28,"column":8},"end":{"line":28,"column":8}}]},"10":{"line":30,"type":"switch","locations":[{"start":{"line":31,"column":16},"end":{"line":32,"column":77}},{"start":{"line":33,"column":16},"end":{"line":34,"column":49}},{"start":{"line":35,"column":16},"end":{"line":36,"column":77}}]}},"l":{"1":1,"4":1,"7":4,"8":0,"11":4,"12":4,"13":0,"14":4,"15":0,"16":4,"17":1,"18":3,"19":2,"20":1,"21":0,"22":1,"23":0,"24":1,"25":1,"28":4,"29":4,"30":4,"32":4,"34":0,"36":0,"40":0}},
"/home/lasha/Desktop/bannermaker/server/services/account.js":{"path":"/home/lasha/Desktop/bannermaker/server/services/account.js","s":{"1":1,"2":1,"3":0,"4":1,"5":1,"6":8,"7":8,"8":0},"b":{"1":[0,1],"2":[8,0]},"f":{"1":1,"2":8},"fnMap":{"1":{"name":"(anonymous_1)","line":1,"loc":{"start":{"line":1,"column":26},"end":{"line":1,"column":51}}},"2":{"name":"(anonymous_2)","line":10,"loc":{"start":{"line":10,"column":20},"end":{"line":10,"column":45}}}},"statementMap":{"1":{"start":{"line":1,"column":0},"end":{"line":7,"column":2}},"2":{"start":{"line":2,"column":1},"end":{"line":4,"column":2}},"3":{"start":{"line":3,"column":2},"end":{"line":3,"column":16}},"4":{"start":{"line":6,"column":1},"end":{"line":6,"column":24}},"5":{"start":{"line":10,"column":0},"end":{"line":16,"column":2}},"6":{"start":{"line":11,"column":1},"end":{"line":15,"column":5}},"7":{"start":{"line":12,"column":8},"end":{"line":12,"column":22}},"8":{"start":{"line":14,"column":8},"end":{"line":14,"column":42}}},"branchMap":{"1":{"line":2,"type":"if","locations":[{"start":{"line":2,"column":1},"end":{"line":2,"column":1}},{"start":{"line":2,"column":1},"end":{"line":2,"column":1}}]},"2":{"line":11,"type":"if","locations":[{"start":{"line":11,"column":1},"end":{"line":11,"column":1}},{"start":{"line":11,"column":1},"end":{"line":11,"column":1}}]}},"l":{"1":1,"2":1,"3":0,"6":1,"10":1,"11":8,"12":8,"14":0}},
"/home/lasha/Desktop/bannermaker/server/routes/facebook.js":{"path":"/home/lasha/Desktop/bannermaker/server/routes/facebook.js","s":{"1":1,"2":1,"3":1,"4":1,"5":0,"6":0},"b":{},"f":{"1":1,"2":0},"fnMap":{"1":{"name":"(anonymous_1)","line":1,"loc":{"start":{"line":1,"column":17},"end":{"line":1,"column":41}}},"2":{"name":"(anonymous_2)","line":14,"loc":{"start":{"line":14,"column":7},"end":{"line":14,"column":26}}}},"statementMap":{"1":{"start":{"line":1,"column":0},"end":{"line":18,"column":2}},"2":{"start":{"line":3,"column":1},"end":{"line":4,"column":66}},"3":{"start":{"line":6,"column":1},"end":{"line":10,"column":7}},"4":{"start":{"line":13,"column":1},"end":{"line":17,"column":5}},"5":{"start":{"line":15,"column":3},"end":{"line":15,"column":16}},"6":{"start":{"line":16,"column":3},"end":{"line":16,"column":26}}},"branchMap":{},"l":{"1":1,"3":1,"6":1,"13":1,"15":0,"16":0}},
"/home/lasha/Desktop/bannermaker/server/routes/google.js":{"path":"/home/lasha/Desktop/bannermaker/server/routes/google.js","s":{"1":1,"2":1,"3":1,"4":1,"5":0,"6":0},"b":{},"f":{"1":1,"2":0},"fnMap":{"1":{"name":"(anonymous_1)","line":1,"loc":{"start":{"line":1,"column":17},"end":{"line":1,"column":41}}},"2":{"name":"(anonymous_2)","line":14,"loc":{"start":{"line":14,"column":7},"end":{"line":14,"column":26}}}},"statementMap":{"1":{"start":{"line":1,"column":0},"end":{"line":18,"column":2}},"2":{"start":{"line":3,"column":1},"end":{"line":4,"column":64}},"3":{"start":{"line":6,"column":1},"end":{"line":10,"column":7}},"4":{"start":{"line":13,"column":1},"end":{"line":17,"column":5}},"5":{"start":{"line":15,"column":3},"end":{"line":15,"column":16}},"6":{"start":{"line":16,"column":3},"end":{"line":16,"column":26}}},"branchMap":{},"l":{"1":1,"3":1,"6":1,"13":1,"15":0,"16":0}},
"/home/lasha/Desktop/bannermaker/server/routes/dashboard.js":{"path":"/home/lasha/Desktop/bannermaker/server/routes/dashboard.js","s":{"1":1,"2":1,"3":1,"4":1,"5":1,"6":1,"7":1},"b":{},"f":{"1":1},"fnMap":{"1":{"name":"(anonymous_1)","line":1,"loc":{"start":{"line":1,"column":17},"end":{"line":1,"column":31}}}},"statementMap":{"1":{"start":{"line":1,"column":0},"end":{"line":21,"column":2}},"2":{"start":{"line":3,"column":1},"end":{"line":3,"column":50}},"3":{"start":{"line":4,"column":1},"end":{"line":4,"column":53}},"4":{"start":{"line":7,"column":1},"end":{"line":8,"column":65}},"5":{"start":{"line":10,"column":1},"end":{"line":11,"column":65}},"6":{"start":{"line":13,"column":1},"end":{"line":14,"column":72}},"7":{"start":{"line":18,"column":1},"end":{"line":19,"column":34}}},"branchMap":{},"l":{"1":1,"3":1,"4":1,"7":1,"10":1,"13":1,"18":1}},
"/home/lasha/Desktop/bannermaker/server/controllers/dashboard.js":{"path":"/home/lasha/Desktop/bannermaker/server/controllers/dashboard.js","s":{"1":1,"2":1,"3":1,"4":1,"5":1,"6":1,"7":1,"8":0,"9":0,"10":0,"11":1,"12":0,"13":1,"14":0,"15":0,"16":0,"17":1,"18":4,"19":4,"20":4,"21":4,"22":1,"23":4,"24":4,"25":3,"26":1,"27":4,"28":3,"29":1,"30":2,"31":2,"32":2,"33":1,"34":1,"35":1,"36":3},"b":{"1":[1,2],"2":[3,3,2],"3":[1,1]},"f":{"1":0,"2":0,"3":0,"4":0,"5":0,"6":0,"7":0,"8":4,"9":4,"10":3,"11":2,"12":2,"13":1,"14":3},"fnMap":{"1":{"name":"(anonymous_1)","line":9,"loc":{"start":{"line":9,"column":23},"end":{"line":9,"column":42}}},"2":{"name":"(anonymous_2)","line":13,"loc":{"start":{"line":13,"column":7},"end":{"line":13,"column":25}}},"3":{"name":"(anonymous_3)","line":20,"loc":{"start":{"line":20,"column":8},"end":{"line":20,"column":22}}},"4":{"name":"(anonymous_4)","line":25,"loc":{"start":{"line":25,"column":23},"end":{"line":25,"column":42}}},"5":{"name":"(anonymous_5)","line":32,"loc":{"start":{"line":32,"column":30},"end":{"line":32,"column":49}}},"6":{"name":"(anonymous_6)","line":37,"loc":{"start":{"line":37,"column":7},"end":{"line":37,"column":25}}},"7":{"name":"(anonymous_7)","line":44,"loc":{"start":{"line":44,"column":8},"end":{"line":44,"column":22}}},"8":{"name":"(anonymous_8)","line":50,"loc":{"start":{"line":50,"column":23},"end":{"line":50,"column":48}}},"9":{"name":"validateParams","line":56,"loc":{"start":{"line":56,"column":1},"end":{"line":56,"column":27}}},"10":{"name":"(anonymous_10)","line":66,"loc":{"start":{"line":66,"column":7},"end":{"line":66,"column":18}}},"11":{"name":"(anonymous_11)","line":72,"loc":{"start":{"line":72,"column":7},"end":{"line":72,"column":18}}},"12":{"name":"(anonymous_12)","line":75,"loc":{"start":{"line":75,"column":7},"end":{"line":75,"column":22}}},"13":{"name":"(anonymous_13)","line":81,"loc":{"start":{"line":81,"column":7},"end":{"line":81,"column":22}}},"14":{"name":"(anonymous_14)","line":84,"loc":{"start":{"line":84,"column":8},"end":{"line":84,"column":22}}}},"statementMap":{"1":{"start":{"line":1,"column":0},"end":{"line":1,"column":36}},"2":{"start":{"line":2,"column":0},"end":{"line":2,"column":37}},"3":{"start":{"line":3,"column":0},"end":{"line":3,"column":41}},"4":{"start":{"line":4,"column":0},"end":{"line":4,"column":36}},"5":{"start":{"line":5,"column":0},"end":{"line":5,"column":45}},"6":{"start":{"line":6,"column":0},"end":{"line":6,"column":44}},"7":{"start":{"line":9,"column":0},"end":{"line":23,"column":2}},"8":{"start":{"line":11,"column":1},"end":{"line":22,"column":4}},"9":{"start":{"line":14,"column":2},"end":{"line":18,"column":5}},"10":{"start":{"line":21,"column":2},"end":{"line":21,"column":48}},"11":{"start":{"line":25,"column":0},"end":{"line":30,"column":2}},"12":{"start":{"line":26,"column":1},"end":{"line":29,"column":4}},"13":{"start":{"line":32,"column":0},"end":{"line":47,"column":2}},"14":{"start":{"line":34,"column":1},"end":{"line":46,"column":4}},"15":{"start":{"line":38,"column":2},"end":{"line":42,"column":5}},"16":{"start":{"line":45,"column":2},"end":{"line":45,"column":48}},"17":{"start":{"line":50,"column":0},"end":{"line":87,"column":2}},"18":{"start":{"line":51,"column":1},"end":{"line":51,"column":23}},"19":{"start":{"line":52,"column":1},"end":{"line":52,"column":24}},"20":{"start":{"line":53,"column":1},"end":{"line":53,"column":26}},"21":{"start":{"line":54,"column":1},"end":{"line":54,"column":28}},"22":{"start":{"line":56,"column":1},"end":{"line":63,"column":2}},"23":{"start":{"line":57,"column":2},"end":{"line":62,"column":3}},"24":{"start":{"line":58,"column":3},"end":{"line":58,"column":58}},"25":{"start":{"line":59,"column":3},"end":{"line":59,"column":28}},"26":{"start":{"line":61,"column":3},"end":{"line":61,"column":81}},"27":{"start":{"line":65,"column":1},"end":{"line":86,"column":4}},"28":{"start":{"line":67,"column":2},"end":{"line":69,"column":3}},"29":{"start":{"line":68,"column":3},"end":{"line":68,"column":96}},"30":{"start":{"line":70,"column":2},"end":{"line":70,"column":29}},"31":{"start":{"line":73,"column":2},"end":{"line":73,"column":45}},"32":{"start":{"line":76,"column":2},"end":{"line":78,"column":3}},"33":{"start":{"line":77,"column":3},"end":{"line":77,"column":71}},"34":{"start":{"line":79,"column":2},"end":{"line":79,"column":35}},"35":{"start":{"line":82,"column":2},"end":{"line":82,"column":40}},"36":{"start":{"line":85,"column":2},"end":{"line":85,"column":55}}},"branchMap":{"1":{"line":67,"type":"if","locations":[{"start":{"line":67,"column":2},"end":{"line":67,"column":2}},{"start":{"line":67,"column":2},"end":{"line":67,"column":2}}]},"2":{"line":67,"type":"binary-expr","locations":[{"start":{"line":67,"column":5},"end":{"line":67,"column":10}},{"start":{"line":67,"column":14},"end":{"line":67,"column":20}},{"start":{"line":67,"column":24},"end":{"line":67,"column":31}}]},"3":{"line":76,"type":"if","locations":[{"start":{"line":76,"column":2},"end":{"line":76,"column":2}},{"start":{"line":76,"column":2},"end":{"line":76,"column":2}}]}},"l":{"1":1,"2":1,"3":1,"4":1,"5":1,"6":1,"9":1,"11":0,"14":0,"21":0,"25":1,"26":0,"32":1,"34":0,"38":0,"45":0,"50":1,"51":4,"52":4,"53":4,"54":4,"56":1,"57":4,"58":4,"59":3,"61":1,"65":4,"67":3,"68":1,"70":2,"73":2,"76":2,"77":1,"79":1,"82":1,"85":3}},
"/home/lasha/Desktop/bannermaker/server/routes/editor.js":{"path":"/home/lasha/Desktop/bannermaker/server/routes/editor.js","s":{"1":1,"2":1,"3":1,"4":1,"5":1,"6":1},"b":{},"f":{"1":1},"fnMap":{"1":{"name":"(anonymous_1)","line":1,"loc":{"start":{"line":1,"column":17},"end":{"line":1,"column":32}}}},"statementMap":{"1":{"start":{"line":1,"column":0},"end":{"line":16,"column":2}},"2":{"start":{"line":2,"column":1},"end":{"line":2,"column":46}},"3":{"start":{"line":3,"column":1},"end":{"line":3,"column":47}},"4":{"start":{"line":5,"column":1},"end":{"line":6,"column":50}},"5":{"start":{"line":9,"column":1},"end":{"line":11,"column":32}},"6":{"start":{"line":13,"column":1},"end":{"line":14,"column":32}}},"branchMap":{},"l":{"1":1,"2":1,"3":1,"5":1,"9":1,"13":1}},
"/home/lasha/Desktop/bannermaker/server/controllers/editor.js":{"path":"/home/lasha/Desktop/bannermaker/server/controllers/editor.js","s":{"1":1,"2":1,"3":1,"4":1,"5":1,"6":0,"7":0,"8":0,"9":0,"10":0,"11":0,"12":1,"13":0,"14":0,"15":0,"16":0,"17":0,"18":1,"19":0,"20":0,"21":0,"22":0,"23":0,"24":0,"25":0,"26":0,"27":0,"28":1,"29":0,"30":0,"31":0,"32":0,"33":0,"34":0,"35":0,"36":0},"b":{"1":[0,0],"2":[0,0],"3":[0,0],"4":[0,0]},"f":{"1":0,"2":0,"3":0,"4":0,"5":0,"6":0,"7":0,"8":0,"9":0,"10":0,"11":0,"12":0,"13":0,"14":0},"fnMap":{"1":{"name":"(anonymous_1)","line":7,"loc":{"start":{"line":7,"column":20},"end":{"line":7,"column":46}}},"2":{"name":"(anonymous_2)","line":11,"loc":{"start":{"line":11,"column":7},"end":{"line":11,"column":24}}},"3":{"name":"(anonymous_3)","line":22,"loc":{"start":{"line":22,"column":8},"end":{"line":22,"column":22}}},"4":{"name":"(anonymous_4)","line":27,"loc":{"start":{"line":27,"column":24},"end":{"line":27,"column":49}}},"5":{"name":"(anonymous_5)","line":29,"loc":{"start":{"line":29,"column":7},"end":{"line":29,"column":24}}},"6":{"name":"(anonymous_6)","line":35,"loc":{"start":{"line":35,"column":8},"end":{"line":35,"column":22}}},"7":{"name":"(anonymous_7)","line":40,"loc":{"start":{"line":40,"column":27},"end":{"line":40,"column":52}}},"8":{"name":"(anonymous_8)","line":44,"loc":{"start":{"line":44,"column":7},"end":{"line":44,"column":24}}},"9":{"name":"(anonymous_9)","line":53,"loc":{"start":{"line":53,"column":7},"end":{"line":53,"column":24}}},"10":{"name":"(anonymous_10)","line":56,"loc":{"start":{"line":56,"column":8},"end":{"line":56,"column":22}}},"11":{"name":"(anonymous_11)","line":61,"loc":{"start":{"line":61,"column":27},"end":{"line":61,"column":53}}},"12":{"name":"(anonymous_12)","line":64,"loc":{"start":{"line":64,"column":7},"end":{"line":64,"column":24}}},"13":{"name":"(anonymous_13)","line":73,"loc":{"start":{"line":73,"column":7},"end":{"line":73,"column":24}}},"14":{"name":"(anonymous_14)","line":76,"loc":{"start":{"line":76,"column":8},"end":{"line":76,"column":22}}}},"statementMap":{"1":{"start":{"line":1,"column":0},"end":{"line":1,"column":35}},"2":{"start":{"line":2,"column":0},"end":{"line":2,"column":35}},"3":{"start":{"line":3,"column":0},"end":{"line":3,"column":40}},"4":{"start":{"line":4,"column":0},"end":{"line":4,"column":44}},"5":{"start":{"line":7,"column":0},"end":{"line":25,"column":2}},"6":{"start":{"line":8,"column":1},"end":{"line":8,"column":54}},"7":{"start":{"line":10,"column":1},"end":{"line":24,"column":4}},"8":{"start":{"line":12,"column":2},"end":{"line":14,"column":3}},"9":{"start":{"line":13,"column":3},"end":{"line":13,"column":27}},"10":{"start":{"line":16,"column":2},"end":{"line":20,"column":5}},"11":{"start":{"line":23,"column":2},"end":{"line":23,"column":55}},"12":{"start":{"line":27,"column":0},"end":{"line":38,"column":2}},"13":{"start":{"line":28,"column":1},"end":{"line":37,"column":4}},"14":{"start":{"line":30,"column":2},"end":{"line":32,"column":3}},"15":{"start":{"line":31,"column":3},"end":{"line":31,"column":27}},"16":{"start":{"line":33,"column":2},"end":{"line":33,"column":24}},"17":{"start":{"line":36,"column":2},"end":{"line":36,"column":55}},"18":{"start":{"line":40,"column":0},"end":{"line":59,"column":2}},"19":{"start":{"line":41,"column":1},"end":{"line":41,"column":26}},"20":{"start":{"line":43,"column":1},"end":{"line":58,"column":4}},"21":{"start":{"line":45,"column":2},"end":{"line":47,"column":3}},"22":{"start":{"line":46,"column":3},"end":{"line":46,"column":27}},"23":{"start":{"line":49,"column":2},"end":{"line":49,"column":21}},"24":{"start":{"line":50,"column":2},"end":{"line":50,"column":32}},"25":{"start":{"line":51,"column":2},"end":{"line":51,"column":23}},"26":{"start":{"line":54,"column":2},"end":{"line":54,"column":33}},"27":{"start":{"line":57,"column":2},"end":{"line":57,"column":55}},"28":{"start":{"line":61,"column":0},"end":{"line":79,"column":1}},"29":{"start":{"line":63,"column":1},"end":{"line":78,"column":4}},"30":{"start":{"line":65,"column":2},"end":{"line":67,"column":3}},"31":{"start":{"line":66,"column":3},"end":{"line":66,"column":27}},"32":{"start":{"line":69,"column":2},"end":{"line":69,"column":30}},"33":{"start":{"line":70,"column":2},"end":{"line":70,"column":32}},"34":{"start":{"line":71,"column":2},"end":{"line":71,"column":23}},"35":{"start":{"line":74,"column":2},"end":{"line":74,"column":33}},"36":{"start":{"line":77,"column":2},"end":{"line":77,"column":55}}},"branchMap":{"1":{"line":12,"type":"if","locations":[{"start":{"line":12,"column":2},"end":{"line":12,"column":2}},{"start":{"line":12,"column":2},"end":{"line":12,"column":2}}]},"2":{"line":30,"type":"if","locations":[{"start":{"line":30,"column":2},"end":{"line":30,"column":2}},{"start":{"line":30,"column":2},"end":{"line":30,"column":2}}]},"3":{"line":45,"type":"if","locations":[{"start":{"line":45,"column":2},"end":{"line":45,"column":2}},{"start":{"line":45,"column":2},"end":{"line":45,"column":2}}]},"4":{"line":65,"type":"if","locations":[{"start":{"line":65,"column":2},"end":{"line":65,"column":2}},{"start":{"line":65,"column":2},"end":{"line":65,"column":2}}]}},"l":{"1":1,"2":1,"3":1,"4":1,"7":1,"8":0,"10":0,"12":0,"13":0,"16":0,"23":0,"27":1,"28":0,"30":0,"31":0,"33":0,"36":0,"40":1,"41":0,"43":0,"45":0,"46":0,"49":0,"50":0,"51":0,"54":0,"57":0,"61":1,"63":0,"65":0,"66":0,"69":0,"70":0,"71":0,"74":0,"77":0}},
"/home/lasha/Desktop/bannermaker/server/routes/embed.js":{"path":"/home/lasha/Desktop/bannermaker/server/routes/embed.js","s":{"1":1,"2":1,"3":1,"4":1,"5":1,"6":1},"b":{},"f":{"1":1},"fnMap":{"1":{"name":"(anonymous_1)","line":1,"loc":{"start":{"line":1,"column":17},"end":{"line":1,"column":32}}}},"statementMap":{"1":{"start":{"line":1,"column":0},"end":{"line":20,"column":2}},"2":{"start":{"line":2,"column":1},"end":{"line":2,"column":45}},"3":{"start":{"line":5,"column":1},"end":{"line":6,"column":23}},"4":{"start":{"line":9,"column":1},"end":{"line":10,"column":27}},"5":{"start":{"line":14,"column":1},"end":{"line":15,"column":23}},"6":{"start":{"line":17,"column":1},"end":{"line":18,"column":24}}},"branchMap":{},"l":{"1":1,"2":1,"5":1,"9":1,"14":1,"17":1}},
"/home/lasha/Desktop/bannermaker/server/controllers/embed.js":{"path":"/home/lasha/Desktop/bannermaker/server/controllers/embed.js","s":{"1":1,"2":1,"3":1,"4":1,"5":1,"6":1,"7":0,"8":0,"9":0,"10":0,"11":0,"12":0,"13":0,"14":1,"15":0,"16":0,"17":0,"18":0,"19":0,"20":0,"21":0,"22":1,"23":0,"24":0,"25":0,"26":0,"27":1,"28":0,"29":0,"30":0,"31":0},"b":{},"f":{"1":0,"2":0,"3":0,"4":0,"5":0,"6":0,"7":0,"8":0,"9":0,"10":0,"11":0,"12":0},"fnMap":{"1":{"name":"(anonymous_1)","line":8,"loc":{"start":{"line":8,"column":19},"end":{"line":8,"column":38}}},"2":{"name":"(anonymous_2)","line":16,"loc":{"start":{"line":16,"column":7},"end":{"line":16,"column":24}}},"3":{"name":"(anonymous_3)","line":25,"loc":{"start":{"line":25,"column":8},"end":{"line":25,"column":22}}},"4":{"name":"(anonymous_4)","line":31,"loc":{"start":{"line":31,"column":24},"end":{"line":31,"column":43}}},"5":{"name":"(anonymous_5)","line":39,"loc":{"start":{"line":39,"column":7},"end":{"line":39,"column":24}}},"6":{"name":"(anonymous_6)","line":48,"loc":{"start":{"line":48,"column":8},"end":{"line":48,"column":22}}},"7":{"name":"(anonymous_7)","line":54,"loc":{"start":{"line":54,"column":19},"end":{"line":54,"column":38}}},"8":{"name":"(anonymous_8)","line":58,"loc":{"start":{"line":58,"column":7},"end":{"line":58,"column":24}}},"9":{"name":"(anonymous_9)","line":61,"loc":{"start":{"line":61,"column":8},"end":{"line":61,"column":22}}},"10":{"name":"(anonymous_10)","line":66,"loc":{"start":{"line":66,"column":20},"end":{"line":66,"column":39}}},"11":{"name":"(anonymous_11)","line":70,"loc":{"start":{"line":70,"column":7},"end":{"line":70,"column":24}}},"12":{"name":"(anonymous_12)","line":73,"loc":{"start":{"line":73,"column":8},"end":{"line":73,"column":22}}}},"statementMap":{"1":{"start":{"line":1,"column":0},"end":{"line":1,"column":37}},"2":{"start":{"line":2,"column":0},"end":{"line":2,"column":41}},"3":{"start":{"line":3,"column":0},"end":{"line":3,"column":36}},"4":{"start":{"line":4,"column":0},"end":{"line":4,"column":45}},"5":{"start":{"line":5,"column":0},"end":{"line":5,"column":44}},"6":{"start":{"line":8,"column":0},"end":{"line":29,"column":2}},"7":{"start":{"line":9,"column":1},"end":{"line":9,"column":24}},"8":{"start":{"line":10,"column":1},"end":{"line":10,"column":30}},"9":{"start":{"line":11,"column":1},"end":{"line":11,"column":32}},"10":{"start":{"line":13,"column":1},"end":{"line":13,"column":54}},"11":{"start":{"line":15,"column":1},"end":{"line":27,"column":4}},"12":{"start":{"line":17,"column":2},"end":{"line":23,"column":5}},"13":{"start":{"line":26,"column":2},"end":{"line":26,"column":48}},"14":{"start":{"line":31,"column":0},"end":{"line":52,"column":2}},"15":{"start":{"line":32,"column":1},"end":{"line":32,"column":24}},"16":{"start":{"line":33,"column":1},"end":{"line":33,"column":30}},"17":{"start":{"line":34,"column":1},"end":{"line":34,"column":32}},"18":{"start":{"line":36,"column":1},"end":{"line":36,"column":54}},"19":{"start":{"line":38,"column":1},"end":{"line":50,"column":4}},"20":{"start":{"line":40,"column":2},"end":{"line":46,"column":5}},"21":{"start":{"line":49,"column":2},"end":{"line":49,"column":48}},"22":{"start":{"line":54,"column":0},"end":{"line":64,"column":2}},"23":{"start":{"line":55,"column":1},"end":{"line":55,"column":24}},"24":{"start":{"line":57,"column":1},"end":{"line":63,"column":4}},"25":{"start":{"line":59,"column":2},"end":{"line":59,"column":26}},"26":{"start":{"line":62,"column":2},"end":{"line":62,"column":48}},"27":{"start":{"line":66,"column":0},"end":{"line":76,"column":2}},"28":{"start":{"line":67,"column":1},"end":{"line":67,"column":24}},"29":{"start":{"line":69,"column":1},"end":{"line":75,"column":4}},"30":{"start":{"line":71,"column":2},"end":{"line":71,"column":26}},"31":{"start":{"line":74,"column":2},"end":{"line":74,"column":48}}},"branchMap":{},"l":{"1":1,"2":1,"3":1,"4":1,"5":1,"8":1,"9":0,"10":0,"11":0,"13":0,"15":0,"17":0,"26":0,"31":1,"32":0,"33":0,"34":0,"36":0,"38":0,"40":0,"49":0,"54":1,"55":0,"57":0,"59":0,"62":0,"66":1,"67":0,"69":0,"71":0,"74":0}}}
