TN:
SF:/home/lasha/Desktop/bannermaker/server/express.js
FN:14,(anonymous_1)
FNF:1
FNH:1
FNDA:1,(anonymous_1)
DA:4,1
DA:5,1
DA:6,1
DA:7,1
DA:8,1
DA:9,1
DA:10,1
DA:11,1
DA:12,1
DA:14,1
DA:16,1
DA:18,1
DA:21,1
DA:24,1
DA:45,1
DA:47,0
DA:48,1
DA:49,0
DA:54,1
DA:57,1
LF:20
LH:18
BRDA:24,1,0,1
BRDA:24,1,1,1
BRDA:45,2,0,0
BRDA:45,2,1,1
BRDA:48,3,0,0
BRDA:48,3,1,1
BRF:6
BRH:4
end_of_record
TN:
SF:/home/lasha/Desktop/bannermaker/server/models/banner.js
FNF:0
FNH:0
DA:1,1
DA:2,1
DA:4,1
DA:18,1
LF:4
LH:4
BRF:0
BRH:0
end_of_record
TN:
SF:/home/lasha/Desktop/bannermaker/server/models/user.js
FN:29,(anonymous_1)
FN:30,(anonymous_2)
FN:36,(anonymous_3)
FN:45,(anonymous_4)
FN:48,(anonymous_5)
FNF:5
FNH:3
FNDA:0,(anonymous_1)
FNDA:0,(anonymous_2)
FNDA:9,(anonymous_3)
FNDA:8,(anonymous_4)
FNDA:8,(anonymous_5)
DA:1,1
DA:2,1
DA:3,1
DA:5,1
DA:29,1
DA:30,0
DA:31,0
DA:32,0
DA:36,1
DA:37,9
DA:38,9
DA:41,9
DA:42,1
DA:45,8
DA:46,8
DA:48,8
DA:49,8
DA:50,8
DA:51,8
DA:56,1
LF:20
LH:17
BRDA:31,1,0,0
BRDA:31,1,1,0
BRDA:41,2,0,1
BRDA:41,2,1,8
BRDA:46,3,0,0
BRDA:46,3,1,8
BRDA:49,4,0,0
BRDA:49,4,1,8
BRF:8
BRH:4
end_of_record
TN:
SF:/home/lasha/Desktop/bannermaker/server/routes/account.js
FN:1,(anonymous_1)
FNF:1
FNH:1
FNDA:1,(anonymous_1)
DA:1,1
DA:3,1
DA:4,1
DA:7,1
DA:11,1
DA:15,1
DA:19,1
LF:7
LH:7
BRF:0
BRH:0
end_of_record
TN:
SF:/home/lasha/Desktop/bannermaker/server/controllers/account.js
FN:15,(anonymous_1)
FN:21,(anonymous_2)
FN:22,(anonymous_3)
FN:31,(anonymous_4)
FN:39,(anonymous_5)
FN:45,(anonymous_6)
FN:60,(anonymous_7)
FN:65,(anonymous_8)
FN:67,(anonymous_9)
FN:72,(anonymous_10)
FN:78,(anonymous_11)
FN:80,(anonymous_12)
FN:81,(anonymous_13)
FN:82,(anonymous_14)
FN:89,(anonymous_15)
FN:90,(anonymous_16)
FN:91,(anonymous_17)
FN:98,(anonymous_18)
FN:109,(anonymous_19)
FN:126,(anonymous_20)
FN:137,(anonymous_21)
FN:140,(anonymous_22)
FN:145,(anonymous_23)
FN:146,(anonymous_24)
FN:158,(anonymous_25)
FN:159,(anonymous_26)
FN:160,(anonymous_27)
FN:161,(anonymous_28)
FN:170,(anonymous_29)
FN:180,(anonymous_30)
FN:195,(anonymous_31)
FN:205,(anonymous_32)
FN:206,(anonymous_33)
FNF:33
FNH:23
FNDA:0,(anonymous_1)
FNDA:0,(anonymous_2)
FNDA:0,(anonymous_3)
FNDA:0,(anonymous_4)
FNDA:0,(anonymous_5)
FNDA:4,(anonymous_6)
FNDA:2,(anonymous_7)
FNDA:1,(anonymous_8)
FNDA:1,(anonymous_9)
FNDA:0,(anonymous_10)
FNDA:2,(anonymous_11)
FNDA:2,(anonymous_12)
FNDA:2,(anonymous_13)
FNDA:2,(anonymous_14)
FNDA:2,(anonymous_15)
FNDA:2,(anonymous_16)
FNDA:2,(anonymous_17)
FNDA:1,(anonymous_18)
FNDA:1,(anonymous_19)
FNDA:1,(anonymous_20)
FNDA:2,(anonymous_21)
FNDA:1,(anonymous_22)
FNDA:0,(anonymous_23)
FNDA:0,(anonymous_24)
FNDA:2,(anonymous_25)
FNDA:2,(anonymous_26)
FNDA:2,(anonymous_27)
FNDA:2,(anonymous_28)
FNDA:1,(anonymous_29)
FNDA:1,(anonymous_30)
FNDA:1,(anonymous_31)
FNDA:0,(anonymous_32)
FNDA:0,(anonymous_33)
DA:1,1
DA:2,1
DA:3,1
DA:4,1
DA:5,1
DA:6,1
DA:7,1
DA:8,1
DA:9,1
DA:10,1
DA:11,1
DA:13,1
DA:15,1
DA:16,0
DA:21,1
DA:22,0
DA:23,0
DA:24,0
DA:27,0
DA:28,0
DA:31,0
DA:32,0
DA:34,0
DA:39,1
DA:40,0
DA:45,1
DA:47,4
DA:48,1
DA:49,3
DA:50,1
DA:54,2
DA:59,2
DA:61,2
DA:62,1
DA:64,1
DA:66,1
DA:68,1
DA:72,1
DA:73,0
DA:78,1
DA:80,2
DA:81,2
DA:82,2
DA:83,2
DA:84,2
DA:89,2
DA:90,2
DA:91,2
DA:92,2
DA:93,1
DA:95,1
DA:96,1
DA:98,1
DA:99,1
DA:100,0
DA:101,0
DA:103,1
DA:109,2
DA:110,1
DA:117,1
DA:126,1
DA:127,1
DA:128,0
DA:129,0
DA:131,1
DA:136,2
DA:138,2
DA:141,1
DA:145,1
DA:146,0
DA:147,0
DA:148,0
DA:152,0
DA:158,1
DA:159,2
DA:160,2
DA:161,2
DA:162,2
DA:163,1
DA:166,1
DA:167,1
DA:168,1
DA:170,1
DA:171,1
DA:172,0
DA:174,1
DA:180,2
DA:181,1
DA:188,1
DA:195,1
DA:196,1
DA:197,0
DA:198,0
DA:200,1
DA:205,1
DA:206,0
DA:207,0
LF:97
LH:73
BRDA:23,1,0,0
BRDA:23,1,1,0
BRDA:27,2,0,0
BRDA:27,2,1,0
BRDA:32,3,0,0
BRDA:32,3,1,0
BRDA:47,4,0,1
BRDA:47,4,1,3
BRDA:49,5,0,1
BRDA:49,5,1,2
BRDA:61,6,0,1
BRDA:61,6,1,1
BRDA:92,7,0,1
BRDA:92,7,1,1
BRDA:99,8,0,0
BRDA:99,8,1,1
BRDA:127,9,0,0
BRDA:127,9,1,1
BRDA:147,10,0,0
BRDA:147,10,1,0
BRDA:162,11,0,1
BRDA:162,11,1,1
BRDA:171,12,0,0
BRDA:171,12,1,1
BRDA:196,13,0,0
BRDA:196,13,1,1
BRF:26
BRH:14
end_of_record
TN:
SF:/home/lasha/Desktop/bannermaker/server/util/errorUtil.js
FN:13,(anonymous_1)
FN:16,(anonymous_2)
FN:19,(anonymous_3)
FN:23,(anonymous_4)
FN:26,(anonymous_5)
FN:29,(anonymous_6)
FN:32,(anonymous_7)
FN:35,(anonymous_8)
FN:38,(anonymous_9)
FN:41,(anonymous_10)
FN:50,(anonymous_11)
FN:53,(anonymous_12)
FN:56,(anonymous_13)
FN:60,(anonymous_14)
FN:61,(anonymous_15)
FN:65,(anonymous_16)
FN:67,(anonymous_17)
FN:72,(anonymous_18)
FN:74,(anonymous_19)
FN:79,(anonymous_20)
FN:81,(anonymous_21)
FN:86,(anonymous_22)
FN:88,(anonymous_23)
FN:93,(anonymous_24)
FN:95,(anonymous_25)
FNF:25
FNH:18
FNDA:3,(anonymous_1)
FNDA:4,(anonymous_2)
FNDA:1,(anonymous_3)
FNDA:4,(anonymous_4)
FNDA:4,(anonymous_5)
FNDA:1,(anonymous_6)
FNDA:1,(anonymous_7)
FNDA:0,(anonymous_8)
FNDA:0,(anonymous_9)
FNDA:0,(anonymous_10)
FNDA:1,(anonymous_11)
FNDA:1,(anonymous_12)
FNDA:2,(anonymous_13)
FNDA:2,(anonymous_14)
FNDA:2,(anonymous_15)
FNDA:0,(anonymous_16)
FNDA:0,(anonymous_17)
FNDA:0,(anonymous_18)
FNDA:0,(anonymous_19)
FNDA:1,(anonymous_20)
FNDA:1,(anonymous_21)
FNDA:2,(anonymous_22)
FNDA:2,(anonymous_23)
FNDA:1,(anonymous_24)
FNDA:1,(anonymous_25)
DA:3,1
DA:4,1
DA:5,1
DA:6,1
DA:7,1
DA:8,1
DA:9,1
DA:12,1
DA:14,3
DA:17,4
DA:20,1
DA:24,4
DA:27,4
DA:30,1
DA:33,1
DA:36,0
DA:39,0
DA:42,0
DA:43,0
DA:44,0
DA:46,0
DA:48,0
DA:51,1
DA:54,1
DA:57,2
DA:61,2
DA:62,2
DA:66,0
DA:67,0
DA:68,0
DA:69,0
DA:73,0
DA:74,0
DA:75,0
DA:76,0
DA:80,1
DA:81,1
DA:82,1
DA:83,1
DA:87,2
DA:88,2
DA:89,2
DA:90,2
DA:94,1
DA:95,1
DA:96,1
DA:97,1
LF:47
LH:32
BRDA:20,1,0,1
BRDA:20,1,1,1
BRDA:43,2,0,0
BRDA:43,2,1,0
BRF:4
BRH:2
end_of_record
TN:
SF:/home/lasha/Desktop/bannermaker/server/errors/objectNotfoundError.js
FN:1,ObjectNotFoundError
FNF:1
FNH:1
FNDA:1,ObjectNotFoundError
DA:1,1
DA:2,1
DA:3,1
DA:6,1
DA:8,1
LF:5
LH:5
BRF:0
BRH:0
end_of_record
TN:
SF:/home/lasha/Desktop/bannermaker/server/errors/invalidObjectidError.js
FN:1,InvalidOjectIdError
FNF:1
FNH:1
FNDA:2,InvalidOjectIdError
DA:1,1
DA:2,2
DA:3,2
DA:6,1
DA:8,1
LF:5
LH:5
BRF:0
BRH:0
end_of_record
TN:
SF:/home/lasha/Desktop/bannermaker/server/errors/accessDeniedError.js
FN:1,AccessDeniedError
FNF:1
FNH:0
FNDA:0,AccessDeniedError
DA:1,1
DA:2,0
DA:3,0
DA:4,0
DA:7,1
DA:9,1
LF:6
LH:3
BRF:0
BRH:0
end_of_record
TN:
SF:/home/lasha/Desktop/bannermaker/server/errors/unprocessableRequestError.js
FN:1,UnprocessableRequestError
FNF:1
FNH:0
FNDA:0,UnprocessableRequestError
DA:1,1
DA:2,0
DA:3,0
DA:6,1
DA:8,1
LF:5
LH:3
BRF:0
BRH:0
end_of_record
TN:
SF:/home/lasha/Desktop/bannermaker/server/errors/unauthorizedError.js
FN:1,UnauthorizedError
FNF:1
FNH:0
FNDA:0,UnauthorizedError
DA:1,1
DA:2,0
DA:3,0
DA:4,0
DA:7,1
DA:9,1
LF:6
LH:3
BRF:0
BRH:0
end_of_record
TN:
SF:/home/lasha/Desktop/bannermaker/server/errors/duplicateObjectError.js
FN:1,DuplicateObjectError
FNF:1
FNH:1
FNDA:1,DuplicateObjectError
DA:1,1
DA:2,1
DA:3,1
DA:4,1
DA:7,1
DA:9,1
LF:6
LH:6
BRF:0
BRH:0
end_of_record
TN:
SF:/home/lasha/Desktop/bannermaker/server/util/httpUtil.js
FN:6,(anonymous_1)
FNF:1
FNH:1
FNDA:4,(anonymous_1)
DA:1,1
DA:4,1
DA:7,4
DA:8,0
DA:11,4
DA:12,4
DA:13,0
DA:14,4
DA:15,0
DA:16,4
DA:17,1
DA:18,3
DA:19,2
DA:20,1
DA:21,0
DA:22,1
DA:23,0
DA:24,1
DA:25,1
DA:28,4
DA:29,4
DA:30,4
DA:32,4
DA:34,0
DA:36,0
DA:40,0
LF:26
LH:18
BRDA:7,1,0,0
BRDA:7,1,1,4
BRDA:12,2,0,0
BRDA:12,2,1,4
BRDA:14,3,0,0
BRDA:14,3,1,4
BRDA:16,4,0,1
BRDA:16,4,1,3
BRDA:18,5,0,2
BRDA:18,5,1,1
BRDA:20,6,0,0
BRDA:20,6,1,1
BRDA:22,7,0,0
BRDA:22,7,1,1
BRDA:24,8,0,1
BRDA:24,8,1,0
BRDA:28,9,0,4
BRDA:28,9,1,0
BRDA:30,10,0,4
BRDA:30,10,1,0
BRDA:30,10,2,0
BRF:21
BRH:12
end_of_record
TN:
SF:/home/lasha/Desktop/bannermaker/server/services/account.js
FN:1,(anonymous_1)
FN:10,(anonymous_2)
FNF:2
FNH:2
FNDA:1,(anonymous_1)
FNDA:8,(anonymous_2)
DA:1,1
DA:2,1
DA:3,0
DA:6,1
DA:10,1
DA:11,8
DA:12,8
DA:14,0
LF:8
LH:6
BRDA:2,1,0,0
BRDA:2,1,1,1
BRDA:11,2,0,8
BRDA:11,2,1,0
BRF:4
BRH:2
end_of_record
TN:
SF:/home/lasha/Desktop/bannermaker/server/routes/facebook.js
FN:1,(anonymous_1)
FN:14,(anonymous_2)
FNF:2
FNH:1
FNDA:1,(anonymous_1)
FNDA:0,(anonymous_2)
DA:1,1
DA:3,1
DA:6,1
DA:13,1
DA:15,0
DA:16,0
LF:6
LH:4
BRF:0
BRH:0
end_of_record
TN:
SF:/home/lasha/Desktop/bannermaker/server/routes/google.js
FN:1,(anonymous_1)
FN:14,(anonymous_2)
FNF:2
FNH:1
FNDA:1,(anonymous_1)
FNDA:0,(anonymous_2)
DA:1,1
DA:3,1
DA:6,1
DA:13,1
DA:15,0
DA:16,0
LF:6
LH:4
BRF:0
BRH:0
end_of_record
TN:
SF:/home/lasha/Desktop/bannermaker/server/routes/dashboard.js
FN:1,(anonymous_1)
FNF:1
FNH:1
FNDA:1,(anonymous_1)
DA:1,1
DA:3,1
DA:4,1
DA:7,1
DA:10,1
DA:13,1
DA:18,1
LF:7
LH:7
BRF:0
BRH:0
end_of_record
TN:
SF:/home/lasha/Desktop/bannermaker/server/controllers/dashboard.js
FN:9,(anonymous_1)
FN:13,(anonymous_2)
FN:20,(anonymous_3)
FN:25,(anonymous_4)
FN:32,(anonymous_5)
FN:37,(anonymous_6)
FN:44,(anonymous_7)
FN:50,(anonymous_8)
FN:56,validateParams
FN:66,(anonymous_10)
FN:72,(anonymous_11)
FN:75,(anonymous_12)
FN:81,(anonymous_13)
FN:84,(anonymous_14)
FNF:14
FNH:7
FNDA:0,(anonymous_1)
FNDA:0,(anonymous_2)
FNDA:0,(anonymous_3)
FNDA:0,(anonymous_4)
FNDA:0,(anonymous_5)
FNDA:0,(anonymous_6)
FNDA:0,(anonymous_7)
FNDA:4,(anonymous_8)
FNDA:4,validateParams
FNDA:3,(anonymous_10)
FNDA:2,(anonymous_11)
FNDA:2,(anonymous_12)
FNDA:1,(anonymous_13)
FNDA:3,(anonymous_14)
DA:1,1
DA:2,1
DA:3,1
DA:4,1
DA:5,1
DA:6,1
DA:9,1
DA:11,0
DA:14,0
DA:21,0
DA:25,1
DA:26,0
DA:32,1
DA:34,0
DA:38,0
DA:45,0
DA:50,1
DA:51,4
DA:52,4
DA:53,4
DA:54,4
DA:56,1
DA:57,4
DA:58,4
DA:59,3
DA:61,1
DA:65,4
DA:67,3
DA:68,1
DA:70,2
DA:73,2
DA:76,2
DA:77,1
DA:79,1
DA:82,1
DA:85,3
LF:36
LH:29
BRDA:67,1,0,1
BRDA:67,1,1,2
BRDA:67,2,0,3
BRDA:67,2,1,3
BRDA:67,2,2,2
BRDA:76,3,0,1
BRDA:76,3,1,1
BRF:7
BRH:7
end_of_record
TN:
SF:/home/lasha/Desktop/bannermaker/server/routes/editor.js
FN:1,(anonymous_1)
FNF:1
FNH:1
FNDA:1,(anonymous_1)
DA:1,1
DA:2,1
DA:3,1
DA:5,1
DA:9,1
DA:13,1
LF:6
LH:6
BRF:0
BRH:0
end_of_record
TN:
SF:/home/lasha/Desktop/bannermaker/server/controllers/editor.js
FN:7,(anonymous_1)
FN:11,(anonymous_2)
FN:22,(anonymous_3)
FN:27,(anonymous_4)
FN:29,(anonymous_5)
FN:35,(anonymous_6)
FN:40,(anonymous_7)
FN:44,(anonymous_8)
FN:53,(anonymous_9)
FN:56,(anonymous_10)
FN:61,(anonymous_11)
FN:64,(anonymous_12)
FN:73,(anonymous_13)
FN:76,(anonymous_14)
FNF:14
FNH:0
FNDA:0,(anonymous_1)
FNDA:0,(anonymous_2)
FNDA:0,(anonymous_3)
FNDA:0,(anonymous_4)
FNDA:0,(anonymous_5)
FNDA:0,(anonymous_6)
FNDA:0,(anonymous_7)
FNDA:0,(anonymous_8)
FNDA:0,(anonymous_9)
FNDA:0,(anonymous_10)
FNDA:0,(anonymous_11)
FNDA:0,(anonymous_12)
FNDA:0,(anonymous_13)
FNDA:0,(anonymous_14)
DA:1,1
DA:2,1
DA:3,1
DA:4,1
DA:7,1
DA:8,0
DA:10,0
DA:12,0
DA:13,0
DA:16,0
DA:23,0
DA:27,1
DA:28,0
DA:30,0
DA:31,0
DA:33,0
DA:36,0
DA:40,1
DA:41,0
DA:43,0
DA:45,0
DA:46,0
DA:49,0
DA:50,0
DA:51,0
DA:54,0
DA:57,0
DA:61,1
DA:63,0
DA:65,0
DA:66,0
DA:69,0
DA:70,0
DA:71,0
DA:74,0
DA:77,0
LF:36
LH:8
BRDA:12,1,0,0
BRDA:12,1,1,0
BRDA:30,2,0,0
BRDA:30,2,1,0
BRDA:45,3,0,0
BRDA:45,3,1,0
BRDA:65,4,0,0
BRDA:65,4,1,0
BRF:8
BRH:0
end_of_record
TN:
SF:/home/lasha/Desktop/bannermaker/server/routes/embed.js
FN:1,(anonymous_1)
FNF:1
FNH:1
FNDA:1,(anonymous_1)
DA:1,1
DA:2,1
DA:5,1
DA:9,1
DA:14,1
DA:17,1
LF:6
LH:6
BRF:0
BRH:0
end_of_record
TN:
SF:/home/lasha/Desktop/bannermaker/server/controllers/embed.js
FN:8,(anonymous_1)
FN:16,(anonymous_2)
FN:25,(anonymous_3)
FN:31,(anonymous_4)
FN:39,(anonymous_5)
FN:48,(anonymous_6)
FN:54,(anonymous_7)
FN:58,(anonymous_8)
FN:61,(anonymous_9)
FN:66,(anonymous_10)
FN:70,(anonymous_11)
FN:73,(anonymous_12)
FNF:12
FNH:0
FNDA:0,(anonymous_1)
FNDA:0,(anonymous_2)
FNDA:0,(anonymous_3)
FNDA:0,(anonymous_4)
FNDA:0,(anonymous_5)
FNDA:0,(anonymous_6)
FNDA:0,(anonymous_7)
FNDA:0,(anonymous_8)
FNDA:0,(anonymous_9)
FNDA:0,(anonymous_10)
FNDA:0,(anonymous_11)
FNDA:0,(anonymous_12)
DA:1,1
DA:2,1
DA:3,1
DA:4,1
DA:5,1
DA:8,1
DA:9,0
DA:10,0
DA:11,0
DA:13,0
DA:15,0
DA:17,0
DA:26,0
DA:31,1
DA:32,0
DA:33,0
DA:34,0
DA:36,0
DA:38,0
DA:40,0
DA:49,0
DA:54,1
DA:55,0
DA:57,0
DA:59,0
DA:62,0
DA:66,1
DA:67,0
DA:69,0
DA:71,0
DA:74,0
LF:31
LH:9
BRF:0
BRH:0
end_of_record
